<?xml version="1.0" encoding="UTF-8"?>
<!-- Generated by org.testng.reporters.JUnitXMLReporter -->
<testsuite ignored="1" hostname="DESKTOP-HURETQM" failures="0" tests="3" name="grouping.xml" time="8.876" errors="0" timestamp="2025-11-30T20:23:25 IST">
  <testcase classname="testscript.LoginPageTest" name="invalidUsernameAndPassword" time="0.589"/>
  <testcase classname="testscript.LoginPageTest" name="invalidUsernameAndPassword" time="0.397"/>
  <testcase classname="testscript.LoginPageTest" name="loginPage" time="2.333"/>
  <testcase classname="testscript.LoginPageTest" name="invalidUsernameAndValidPassword" time="0.0">
    <ignored/>
  </testcase> <!-- invalidUsernameAndValidPassword -->
</testsuite> <!-- grouping.xml -->
