<?xml version="1.0" encoding="UTF-8"?>
<!-- Generated by org.testng.reporters.JUnitXMLReporter -->
<testsuite ignored="0" hostname="DESKTOP-HURETQM" failures="0" tests="5" name="paralleltesting" time="11.777" errors="0" timestamp="2025-11-30T20:24:08 IST">
  <testcase classname="testscript.LoginPageTest" name="invalidUsernameAndPassword" time="0.54"/>
  <testcase classname="testscript.ManageNewsTest" name="newNewsMethode" time="2.466"/>
  <testcase classname="testscript.LoginPageTest" name="invalidUsernameAndPassword" time="0.387"/>
  <testcase classname="testscript.LoginPageTest" name="invalidUsernameAndValidPassword" time="0.61"/>
  <testcase classname="testscript.LoginPageTest" name="loginPage" time="2.12"/>
</testsuite> <!-- paralleltesting -->
