<?xml version="1.0" encoding="UTF-8"?>
<!-- Generated by org.testng.reporters.JUnitReportReporter -->
<testsuite hostname="DESKTOP-HURETQM" failures="0" tests="4" name="testscript.LoginPageTest" time="11.703" errors="0" timestamp="2025-11-30T20:24:08 IST" skipped="0">
  <testcase classname="testscript.LoginPageTest" name="invalidUsernameAndPassword" time="3.061"/>
  <testcase classname="testscript.LoginPageTest" name="loginPage" time="4.131"/>
  <testcase classname="testscript.LoginPageTest" name="invalidUsernameAndValidPassword" time="2.267"/>
  <testcase classname="testscript.LoginPageTest" name="invalidUsernameAndPassword" time="2.244"/>
</testsuite> <!-- testscript.LoginPageTest -->
